<?xml version="1.0" encoding="UTF-8"?>
<!-- Generated by org.testng.reporters.JUnitReportReporter -->
<testsuite skipped="0" hostname="PC258186" name="automationFramework.CreateIncident" tests="1" failures="0" timestamp="01 Feb 2018 10:42:51 GMT" time="39.521" errors="0">
  <testcase name="Test" time="39.521" classname="automationFramework.CreateIncident"/>
</testsuite> <!-- automationFramework.CreateIncident -->
