<?xml version="1.0" encoding="UTF-8"?>
<!-- Generated by org.testng.reporters.JUnitReportReporter -->
<testsuite skipped="0" hostname="ATLCOGFV00063" name="automationFramework.UpdateUserProfile" tests="1" failures="0" timestamp="03 Feb 2018 20:22:45 GMT" time="52.618" errors="0">
  <testcase name="Test" time="52.618" classname="automationFramework.UpdateUserProfile"/>
</testsuite> <!-- automationFramework.UpdateUserProfile -->
