<?xml version="1.0" encoding="UTF-8"?>
<!-- Generated by org.testng.reporters.JUnitReportReporter -->
<testsuite skipped="0" hostname="ATLCOGFV00063" name="automationFramework.UpdateUserProfile" tests="1" failures="0" timestamp="14 Dec 2017 06:32:49 GMT" time="34.077" errors="0">
  <testcase name="Test" time="34.077" classname="automationFramework.UpdateUserProfile"/>
</testsuite> <!-- automationFramework.UpdateUserProfile -->
