<?xml version="1.0" encoding="UTF-8"?>
<!-- Generated by org.testng.reporters.JUnitReportReporter -->
<testsuite skipped="0" hostname="ATLCOGFV00063" name="automationFramework.CreateServiceAlert" tests="2" failures="0" timestamp="03 Feb 2018 20:22:45 GMT" time="92.616" errors="0">
  <testcase name="f" time="51.824" classname="automationFramework.CreateServiceAlert"/>
  <testcase name="f" time="40.792" classname="automationFramework.CreateServiceAlert"/>
</testsuite> <!-- automationFramework.CreateServiceAlert -->
