<?xml version="1.0" encoding="UTF-8"?>
<!-- Generated by org.testng.reporters.JUnitReportReporter -->
<testsuite skipped="0" hostname="ATLCOGFV00063" name="automationFramework.CreateIncident" tests="1" failures="0" timestamp="03 Feb 2018 20:22:45 GMT" time="52.478" errors="0">
  <testcase name="Test" time="52.478" classname="automationFramework.CreateIncident"/>
</testsuite> <!-- automationFramework.CreateIncident -->
